<?xml version="1.0" encoding="UTF-8"?>
<!-- Generated by org.testng.reporters.JUnitReportReporter -->
<testsuite hostname="stn150.novalnet.che" failures="0" tests="1" name="com.nn.DirectDebitSEPA.FunctionalTestCases" time="4.709" errors="0" timestamp="2023-12-13T14:10:48 IST" skipped="0">
  <testcase classname="com.nn.DirectDebitSEPA.FunctionalTestCases" name="transactionCaptureCancel" time="4.709"/>
  <system-out/>
</testsuite> <!-- com.nn.DirectDebitSEPA.FunctionalTestCases -->
