<?xml version="1.0" encoding="UTF-8"?>
<!-- Generated by org.testng.reporters.JUnitReportReporter -->
<testsuite hostname="stn150.novalnet.che" failures="0" tests="1" name="com.nn.DirectDebitSEPA.FunctionalTestCases" time="6.135" errors="0" timestamp="2023-12-12T19:15:16 IST" skipped="0">
  <testcase classname="com.nn.DirectDebitSEPA.FunctionalTestCases" name="prosessPartialFullRefund" time="6.135"/>
</testsuite> <!-- com.nn.DirectDebitSEPA.FunctionalTestCases -->
