<?xml version="1.0" encoding="UTF-8"?>
<!-- Generated by org.testng.reporters.JUnitReportReporter -->
<testsuite hostname="stn150.novalnet.che" failures="0" tests="6" name="com.nn.payments.DirectDebitSEPA" time="8.367" errors="0" timestamp="2023-12-12T15:28:23 IST" skipped="0">
  <testcase classname="com.nn.payments.DirectDebitSEPA" name="amountCurrenctToken" time="1.102"/>
  <testcase classname="com.nn.payments.DirectDebitSEPA" name="amountCurrenctToken" time="1.196"/>
  <testcase classname="com.nn.payments.DirectDebitSEPA" name="amountCurrenctToken" time="1.255"/>
  <testcase classname="com.nn.payments.DirectDebitSEPA" name="amountCurrenctToken" time="2.405"/>
  <testcase classname="com.nn.payments.DirectDebitSEPA" name="amountCurrenctToken" time="1.162"/>
  <testcase classname="com.nn.payments.DirectDebitSEPA" name="amountCurrenctToken" time="1.247"/>
</testsuite> <!-- com.nn.payments.DirectDebitSEPA -->
